<?xml version="1.0" encoding="UTF-8"?>
<!-- Generated by org.testng.reporters.JUnitReportReporter -->
<testsuite hostname="DESKTOP-SDU7F7J" failures="0" tests="2" name="org.excelreadwrite.ExcelReadWrite" time="2.907" errors="0" timestamp="2024-03-17T13:11:23 IST" skipped="1">
  <testcase classname="org.excelreadwrite.ExcelReadWrite" name="excelRead" time="2.907"/>
  <testcase classname="org.excelreadwrite.ExcelReadWrite" name="excelWrite">
    <skipped/>
  </testcase> <!-- excelWrite -->
</testsuite> <!-- org.excelreadwrite.ExcelReadWrite -->
